[16:10:12.755] Global cache location 'C:/Users/jfwolfe/AppData/Local/Microsoft/TypeScript/4.0', safe file path 'c:/dev/dotfiles/emacs/.emacs.d/.cache/lsp/npm/typescript/node_modules/typescript/lib/typingsafelist.json', types map path c:/dev/dotfiles/emacs/.emacs.d/.cache/lsp/npm/typescript/node_modules/typescript/lib/typesmap.json
[16:10:12.758] Processing cache location 'C:/Users/jfwolfe/AppData/Local/Microsoft/TypeScript/4.0'
[16:10:12.758] Trying to find 'C:/Users/jfwolfe/AppData/Local/Microsoft/TypeScript/4.0/package.json'...
[16:10:12.759] Loaded content of 'C:/Users/jfwolfe/AppData/Local/Microsoft/TypeScript/4.0/package.json': {"private":true,"dependencies":{"types-registry":"^0.1.514"}}
[16:10:12.759] Loaded content of 'C:/Users/jfwolfe/AppData/Local/Microsoft/TypeScript/4.0/package-lock.json'
[16:10:12.760] Finished processing cache location 'C:/Users/jfwolfe/AppData/Local/Microsoft/TypeScript/4.0'
[16:10:12.760] Process id: 14852
[16:10:12.761] NPM location: "C:\Program Files\nodejs\npm" (explicit '--npmLocation' not  provided)
[16:10:12.761] validateDefaultNpmLocation: false
[16:10:12.761] Npm config file: C:/Users/jfwolfe/AppData/Local/Microsoft/TypeScript/4.0/package.json
[16:10:12.761] Updating types-registry npm package...
[16:10:12.762] Exec: "C:\Program Files\nodejs\npm" install --ignore-scripts types-registry@latest
[16:10:14.409]     Succeeded. stdout:
    + types-registry@0.1.514
    updated 1 package and audited 1 package in 0.426s
found 0 vulnerabilities


[16:10:14.410] Updated types-registry npm package
[16:28:40.677] Got install request {"projectName":"/dev/null/inferredProject1*","fileNames":[],"compilerOptions":{"target":1,"jsx":1,"allowNonTsExtensions":true,"allowJs":true,"noEmitForJsFiles":true},"typeAcquisition":{"enable":true,"include":[],"exclude":[]},"unresolvedImports":[],"projectRootPath":"c:/dev/game-utils/ui/src/features/fakingIt","kind":"discover"}
[16:28:40.704] Loaded safelist from types map file 'c:/dev/dotfiles/emacs/.emacs.d/.cache/lsp/npm/typescript/node_modules/typescript/lib/typesmap.json'
[16:28:40.705] Explicitly included types: []
[16:28:40.707] Inferred typings from unresolved imports: []
[16:28:40.708] Result: {"cachedTypingPaths":[],"newTypingNames":[],"filesToWatch":["c:/dev/game-utils/ui/src/features/fakingIt/bower_components","c:/dev/game-utils/ui/src/features/fakingIt/node_modules"]}
[16:28:40.708] Finished typings discovery: {"cachedTypingPaths":[],"newTypingNames":[],"filesToWatch":["c:/dev/game-utils/ui/src/features/fakingIt/bower_components","c:/dev/game-utils/ui/src/features/fakingIt/node_modules"]}
[16:28:40.709] DirectoryWatcher:: Added:: WatchInfo: c:/dev/game-utils/ui/src/features/fakingIt/bower_components
[16:28:40.711] DirectoryWatcher:: Added:: WatchInfo: c:/dev/game-utils/ui/src/features/fakingIt/node_modules
[16:28:40.712] Sending response:
    {"projectName":"/dev/null/inferredProject1*","typeAcquisition":{"enable":true,"include":[],"exclude":[]},"compilerOptions":{"target":1,"jsx":1,"allowNonTsExtensions":true,"allowJs":true,"noEmitForJsFiles":true},"typings":[],"unresolvedImports":[],"kind":"action::set"}
[16:28:40.713] Response has been sent.
[16:28:40.714] No new typings were requested as a result of typings discovery
