[19:52:26.556] Global cache location '/home/wolfe/.cache/typescript/4.0', safe file path '/home/wolfe/dotfiles/emacs/.emacs.d/.cache/lsp/npm/typescript/lib/node_modules/typescript/lib/typingSafeList.json', types map path /home/wolfe/dotfiles/emacs/.emacs.d/.cache/lsp/npm/typescript/lib/node_modules/typescript/lib/typesMap.json
[19:52:26.556] Processing cache location '/home/wolfe/.cache/typescript/4.0'
[19:52:26.558] Trying to find '/home/wolfe/.cache/typescript/4.0/package.json'...
[19:52:26.559] Loaded content of '/home/wolfe/.cache/typescript/4.0/package.json': {"private":true,"dependencies":{"types-registry":"^0.1.513"}}
[19:52:26.559] Loaded content of '/home/wolfe/.cache/typescript/4.0/package-lock.json'
[19:52:26.559] Finished processing cache location '/home/wolfe/.cache/typescript/4.0'
[19:52:26.559] Process id: 8708
[19:52:26.559] NPM location: /nix/store/iv6jnpjv1fsr71vmi2fv9xpkhhg628bm-nodejs-14.14.0/bin/npm (explicit '--npmLocation' not  provided)
[19:52:26.559] validateDefaultNpmLocation: false
[19:52:26.559] Npm config file: /home/wolfe/.cache/typescript/4.0/package.json
[19:52:26.560] Updating types-registry npm package...
[19:52:26.560] Exec: /nix/store/iv6jnpjv1fsr71vmi2fv9xpkhhg628bm-nodejs-14.14.0/bin/npm install --ignore-scripts types-registry@latest
[19:52:27.905]     Succeeded. stdout:
    + types-registry@0.1.514
    updated 1 package and audited 1 package in 0.991s
found 0 vulnerabilities


[19:52:27.905] Updated types-registry npm package
[13:26:39.348] Got install request {"projectName":"/dev/null/inferredProject1*","fileNames":[],"compilerOptions":{"target":1,"jsx":1,"allowNonTsExtensions":true,"allowJs":true,"noEmitForJsFiles":true},"typeAcquisition":{"enable":true,"include":[],"exclude":[]},"unresolvedImports":[],"projectRootPath":"/home/wolfe/game-utils/ui/src/app","kind":"discover"}
[13:26:39.372] Loaded safelist from types map file '/home/wolfe/dotfiles/emacs/.emacs.d/.cache/lsp/npm/typescript/lib/node_modules/typescript/lib/typesMap.json'
[13:26:39.373] Explicitly included types: []
[13:26:39.374] Inferred typings from unresolved imports: []
[13:26:39.374] Result: {"cachedTypingPaths":[],"newTypingNames":[],"filesToWatch":["/home/wolfe/game-utils/ui/src/app/bower_components","/home/wolfe/game-utils/ui/src/app/node_modules"]}
[13:26:39.374] Finished typings discovery: {"cachedTypingPaths":[],"newTypingNames":[],"filesToWatch":["/home/wolfe/game-utils/ui/src/app/bower_components","/home/wolfe/game-utils/ui/src/app/node_modules"]}
[13:26:39.374] DirectoryWatcher:: Added:: WatchInfo: /home/wolfe/game-utils/ui/src/app/bower_components
[13:26:39.377] DirectoryWatcher:: Added:: WatchInfo: /home/wolfe/game-utils/ui/src/app/node_modules
[13:26:39.377] Sending response:
    {"projectName":"/dev/null/inferredProject1*","typeAcquisition":{"enable":true,"include":[],"exclude":[]},"compilerOptions":{"target":1,"jsx":1,"allowNonTsExtensions":true,"allowJs":true,"noEmitForJsFiles":true},"typings":[],"unresolvedImports":[],"kind":"action::set"}
[13:26:39.378] Response has been sent.
[13:26:39.378] No new typings were requested as a result of typings discovery
[19:19:53.506] Got install request {"projectName":"/dev/null/inferredProject2*","fileNames":[],"compilerOptions":{"target":1,"jsx":1,"allowNonTsExtensions":true,"allowJs":true,"noEmitForJsFiles":true},"typeAcquisition":{"enable":true,"include":[],"exclude":[]},"unresolvedImports":[],"projectRootPath":"/home/wolfe/game-utils/ui/src/features/fakingIt","kind":"discover"}
[19:19:53.506] Explicitly included types: []
[19:19:53.507] Inferred typings from unresolved imports: []
[19:19:53.507] Result: {"cachedTypingPaths":[],"newTypingNames":[],"filesToWatch":["/home/wolfe/game-utils/ui/src/features/fakingIt/bower_components","/home/wolfe/game-utils/ui/src/features/fakingIt/node_modules"]}
[19:19:53.507] Finished typings discovery: {"cachedTypingPaths":[],"newTypingNames":[],"filesToWatch":["/home/wolfe/game-utils/ui/src/features/fakingIt/bower_components","/home/wolfe/game-utils/ui/src/features/fakingIt/node_modules"]}
[19:19:53.507] DirectoryWatcher:: Added:: WatchInfo: /home/wolfe/game-utils/ui/src/features/fakingIt/bower_components
[19:19:53.507] DirectoryWatcher:: Added:: WatchInfo: /home/wolfe/game-utils/ui/src/features/fakingIt/node_modules
[19:19:53.507] Sending response:
    {"projectName":"/dev/null/inferredProject2*","typeAcquisition":{"enable":true,"include":[],"exclude":[]},"compilerOptions":{"target":1,"jsx":1,"allowNonTsExtensions":true,"allowJs":true,"noEmitForJsFiles":true},"typings":[],"unresolvedImports":[],"kind":"action::set"}
[19:19:53.507] Response has been sent.
[19:19:53.507] No new typings were requested as a result of typings discovery
